<?xml version="1.0" encoding="UTF-8"?>
<!-- Generated by org.testng.reporters.JUnitReportReporter -->
<testsuite skipped="0" hostname="DESKTOP-BEJDV32" name="com.training.sanity.tests.LoginTestsUNF_015" tests="2" failures="0" timestamp="06 Sep 2019 08:56:20 GMT" time="15.164" errors="0">
  <testcase name="validLoginTest" time="1.765" classname="com.training.sanity.tests.LoginTestsUNF_015"/>
  <testcase name="testMethod" time="13.399" classname="com.training.sanity.tests.LoginTestsUNF_015"/>
</testsuite> <!-- com.training.sanity.tests.LoginTestsUNF_015 -->
