<?xml version="1.0" encoding="UTF-8"?>
<!-- Generated by org.testng.reporters.JUnitReportReporter -->
<testsuite skipped="0" hostname="DESKTOP-BEJDV32" name="com.training.sanity.tests.TestsUNF_043" tests="2" failures="0" timestamp="11 Sep 2019 07:55:16 GMT" time="31.161" errors="0">
  <testcase name="validLoginTest" time="6.090" classname="com.training.sanity.tests.TestsUNF_043"/>
  <testcase name="testMethod" time="25.071" classname="com.training.sanity.tests.TestsUNF_043"/>
</testsuite> <!-- com.training.sanity.tests.TestsUNF_043 -->
