<?xml version="1.0" encoding="UTF-8"?>
<!-- Generated by org.testng.reporters.JUnitReportReporter -->
<testsuite skipped="0" hostname="DESKTOP-BEJDV32" name="com.training.sanity.tests.LoginTestsUNF_014" tests="2" failures="0" timestamp="05 Sep 2019 16:38:16 GMT" time="9.379" errors="0">
  <testcase name="validLoginTest" time="2.296" classname="com.training.sanity.tests.LoginTestsUNF_014"/>
  <testcase name="testMethod" time="7.083" classname="com.training.sanity.tests.LoginTestsUNF_014"/>
</testsuite> <!-- com.training.sanity.tests.LoginTestsUNF_014 -->
