<?xml version="1.0" encoding="UTF-8"?>
<!-- Generated by org.testng.reporters.JUnitReportReporter -->
<testsuite skipped="0" hostname="DESKTOP-BEJDV32" name="com.training.sanity.tests.LoginTestsUNF_013" tests="2" failures="0" timestamp="12 Sep 2019 02:53:24 GMT" time="34.568" errors="0">
  <testcase name="validLoginTest" time="2.389" classname="com.training.sanity.tests.LoginTestsUNF_013"/>
  <testcase name="testMethod" time="32.179" classname="com.training.sanity.tests.LoginTestsUNF_013"/>
</testsuite> <!-- com.training.sanity.tests.LoginTestsUNF_013 -->
