<?xml version="1.0" encoding="UTF-8"?>
<!-- Generated by org.testng.reporters.JUnitReportReporter -->
<testsuite skipped="0" hostname="DESKTOP-BEJDV32" name="com.training.sanity.tests.TestsUNF_043" tests="2" failures="0" timestamp="09 Sep 2019 07:56:43 GMT" time="22.812" errors="0">
  <testcase name="testMethod" time="17.275" classname="com.training.sanity.tests.TestsUNF_043"/>
  <testcase name="validLoginTest" time="5.537" classname="com.training.sanity.tests.TestsUNF_043"/>
</testsuite> <!-- com.training.sanity.tests.TestsUNF_043 -->
