<?xml version="1.0" encoding="UTF-8"?>
<!-- Generated by org.testng.reporters.JUnitReportReporter -->
<testsuite skipped="0" hostname="DESKTOP-BEJDV32" name="com.training.regression.tests.LoginExcelTest" tests="2" failures="0" timestamp="12 Sep 2019 07:12:29 GMT" time="17.454" errors="0">
  <testcase name="loginDBTest" time="8.150" classname="com.training.regression.tests.LoginExcelTest"/>
  <testcase name="loginDBTest" time="9.304" classname="com.training.regression.tests.LoginExcelTest"/>
</testsuite> <!-- com.training.regression.tests.LoginExcelTest -->
