<?xml version="1.0" encoding="UTF-8"?>
<!-- Generated by org.testng.reporters.JUnitReportReporter -->
<testsuite skipped="0" hostname="DESKTOP-BEJDV32" name="com.training.sanity.tests.LoginTestsUNF_015" tests="2" failures="0" timestamp="12 Sep 2019 08:21:06 GMT" time="20.784" errors="0">
  <testcase name="testMethod_UNF015" time="18.694" classname="com.training.sanity.tests.LoginTestsUNF_015"/>
  <testcase name="validLoginTest" time="2.090" classname="com.training.sanity.tests.LoginTestsUNF_015"/>
</testsuite> <!-- com.training.sanity.tests.LoginTestsUNF_015 -->
