<?xml version="1.0" encoding="UTF-8"?>
<!-- Generated by org.testng.reporters.JUnitReportReporter -->
<testsuite skipped="0" hostname="DESKTOP-BEJDV32" name="com.training.sanity.tests.TestsUNF_044" tests="2" failures="0" timestamp="10 Sep 2019 06:43:46 GMT" time="51.954" errors="0">
  <testcase name="testMethod" time="43.798" classname="com.training.sanity.tests.TestsUNF_044"/>
  <testcase name="validLoginTest" time="8.156" classname="com.training.sanity.tests.TestsUNF_044"/>
</testsuite> <!-- com.training.sanity.tests.TestsUNF_044 -->
