<?xml version="1.0" encoding="UTF-8"?>
<!-- Generated by org.testng.reporters.JUnitReportReporter -->
<testsuite skipped="0" hostname="DESKTOP-BEJDV32" name="com.training.regression.tests.LoginDBTest" tests="2" failures="0" timestamp="12 Sep 2019 07:55:03 GMT" time="34.493" errors="0">
  <testcase name="loginDBTest" time="23.827" classname="com.training.regression.tests.LoginDBTest"/>
  <testcase name="loginDBTest" time="10.666" classname="com.training.regression.tests.LoginDBTest"/>
</testsuite> <!-- com.training.regression.tests.LoginDBTest -->
