<?xml version="1.0" encoding="UTF-8"?>
<!-- Generated by org.testng.reporters.JUnitReportReporter -->
<testsuite skipped="0" hostname="DESKTOP-BEJDV32" name="com.training.sanity.tests.LoginTestsUNF_013" tests="2" failures="0" timestamp="05 Sep 2019 12:23:58 GMT" time="3.415" errors="0">
  <testcase name="testMethod" time="1.431" classname="com.training.sanity.tests.LoginTestsUNF_013"/>
  <testcase name="validLoginTest" time="1.984" classname="com.training.sanity.tests.LoginTestsUNF_013"/>
</testsuite> <!-- com.training.sanity.tests.LoginTestsUNF_013 -->
