<?xml version="1.0" encoding="UTF-8"?>
<!-- Generated by org.testng.reporters.JUnitReportReporter -->
<testsuite skipped="0" hostname="DESKTOP-BEJDV32" name="com.training.sanity.tests.DemoTest" tests="2" failures="0" timestamp="29 Aug 2019 10:30:28 GMT" time="1.895" errors="0">
  <testcase name="validLoginTest" time="1.890" classname="com.training.sanity.tests.DemoTest"/>
  <testcase name="testMethod" time="0.005" classname="com.training.sanity.tests.DemoTest"/>
</testsuite> <!-- com.training.sanity.tests.DemoTest -->
