<?xml version="1.0" encoding="UTF-8"?>
<!-- Generated by org.testng.reporters.JUnitReportReporter -->
<testsuite skipped="0" hostname="DESKTOP-BEJDV32" name="com.training.sanity.tests.LoginTests" tests="1" failures="0" timestamp="29 Aug 2019 10:19:11 GMT" time="1.867" errors="0">
  <testcase name="validLoginTest" time="1.867" classname="com.training.sanity.tests.LoginTests"/>
</testsuite> <!-- com.training.sanity.tests.LoginTests -->
